  glad.c
  main_proy_lab.cpp
C:\Users\LUIS_FI\Documents\GitHub\ProyectoFinal_Lab_CGeIHC-\Proyecto_Lab_CG\Proyecto_Lab_CG\include\shader_m.h(44,40): warning C4101: 'e': variable local sin referencia
C:\Users\LUIS_FI\Documents\GitHub\ProyectoFinal_Lab_CGeIHC-\Proyecto_Lab_CG\Proyecto_Lab_CG\include\modelAnim.h(104,44): warning C4244: '=': conversión de 'double' a 'float'; posible pérdida de datos
C:\Users\LUIS_FI\Documents\GitHub\ProyectoFinal_Lab_CGeIHC-\Proyecto_Lab_CG\Proyecto_Lab_CG\include\modelAnim.h(520,24): warning C4244: 'inicializando': conversión de 'double' a 'float'; posible pérdida de datos
C:\Users\LUIS_FI\Documents\GitHub\ProyectoFinal_Lab_CGeIHC-\Proyecto_Lab_CG\Proyecto_Lab_CG\main_proy_lab.cpp(472,27): warning C4305: '+=': truncamiento de 'double' a 'T'
          with
          [
              T=float
          ]
C:\Users\LUIS_FI\Documents\GitHub\ProyectoFinal_Lab_CGeIHC-\Proyecto_Lab_CG\Proyecto_Lab_CG\main_proy_lab.cpp(488,27): warning C4305: '+=': truncamiento de 'double' a 'T'
          with
          [
              T=float
          ]
C:\Users\LUIS_FI\Documents\GitHub\ProyectoFinal_Lab_CGeIHC-\Proyecto_Lab_CG\Proyecto_Lab_CG\main_proy_lab.cpp(1381,11): warning C4244: '=': conversión de 'double' a 'float'; posible pérdida de datos
C:\Users\LUIS_FI\Documents\GitHub\ProyectoFinal_Lab_CGeIHC-\Proyecto_Lab_CG\Proyecto_Lab_CG\main_proy_lab.cpp(1382,11): warning C4244: '=': conversión de 'double' a 'float'; posible pérdida de datos
C:\Users\LUIS_FI\Documents\GitHub\ProyectoFinal_Lab_CGeIHC-\Proyecto_Lab_CG\Proyecto_Lab_CG\main_proy_lab.cpp(1386,16): warning C4244: 'inicializando': conversión de 'double' a 'float'; posible pérdida de datos
C:\Users\LUIS_FI\Documents\GitHub\ProyectoFinal_Lab_CGeIHC-\Proyecto_Lab_CG\Proyecto_Lab_CG\main_proy_lab.cpp(1387,16): warning C4244: 'inicializando': conversión de 'double' a 'float'; posible pérdida de datos
C:\Users\LUIS_FI\Documents\GitHub\ProyectoFinal_Lab_CGeIHC-\Proyecto_Lab_CG\Proyecto_Lab_CG\main_proy_lab.cpp(1389,10): warning C4244: '=': conversión de 'double' a 'float'; posible pérdida de datos
C:\Users\LUIS_FI\Documents\GitHub\ProyectoFinal_Lab_CGeIHC-\Proyecto_Lab_CG\Proyecto_Lab_CG\main_proy_lab.cpp(1390,10): warning C4244: '=': conversión de 'double' a 'float'; posible pérdida de datos
C:\Users\LUIS_FI\Documents\GitHub\ProyectoFinal_Lab_CGeIHC-\Proyecto_Lab_CG\Proyecto_Lab_CG\main_proy_lab.cpp(1398,28): warning C4244: 'argumento': conversión de 'double' a 'float'; posible pérdida de datos
LINK : warning LNK4098: la biblioteca predeterminada'MSVCRTD' entra en conflicto con otras bibliotecas; use la biblioteca /NODEFAULTLIB:biblioteca
  Generando código
  1258 of 1278 functions (98.4%) were compiled, the rest were copied from previous compilation.
    3 functions were new in current compilation
    2 functions had inline decision re-evaluated but remain unchanged
  Generación de código finalizada
glfw3.lib(context.obj) : warning LNK4099: no se encontró PDB '' con 'glfw3.lib(context.obj)' o en ''; se vinculará el objeto sin tener en cuenta información de depuración
glfw3.lib(init.obj) : warning LNK4099: no se encontró PDB 'glfw.pdb' con 'glfw3.lib(init.obj)' o en 'C:\Users\LUIS_FI\Documents\GitHub\ProyectoFinal_Lab_CGeIHC-\Proyecto_Lab_CG\Release\glfw.pdb'; se vinculará el objeto sin tener en cuenta información de depuración
glfw3.lib(input.obj) : warning LNK4099: no se encontró PDB 'glfw.pdb' con 'glfw3.lib(input.obj)' o en 'C:\Users\LUIS_FI\Documents\GitHub\ProyectoFinal_Lab_CGeIHC-\Proyecto_Lab_CG\Release\glfw.pdb'; se vinculará el objeto sin tener en cuenta información de depuración
glfw3.lib(monitor.obj) : warning LNK4099: no se encontró PDB 'glfw.pdb' con 'glfw3.lib(monitor.obj)' o en 'C:\Users\LUIS_FI\Documents\GitHub\ProyectoFinal_Lab_CGeIHC-\Proyecto_Lab_CG\Release\glfw.pdb'; se vinculará el objeto sin tener en cuenta información de depuración
glfw3.lib(vulkan.obj) : warning LNK4099: no se encontró PDB 'glfw.pdb' con 'glfw3.lib(vulkan.obj)' o en 'C:\Users\LUIS_FI\Documents\GitHub\ProyectoFinal_Lab_CGeIHC-\Proyecto_Lab_CG\Release\glfw.pdb'; se vinculará el objeto sin tener en cuenta información de depuración
glfw3.lib(window.obj) : warning LNK4099: no se encontró PDB 'glfw.pdb' con 'glfw3.lib(window.obj)' o en 'C:\Users\LUIS_FI\Documents\GitHub\ProyectoFinal_Lab_CGeIHC-\Proyecto_Lab_CG\Release\glfw.pdb'; se vinculará el objeto sin tener en cuenta información de depuración
glfw3.lib(win32_init.obj) : warning LNK4099: no se encontró PDB 'glfw.pdb' con 'glfw3.lib(win32_init.obj)' o en 'C:\Users\LUIS_FI\Documents\GitHub\ProyectoFinal_Lab_CGeIHC-\Proyecto_Lab_CG\Release\glfw.pdb'; se vinculará el objeto sin tener en cuenta información de depuración
glfw3.lib(win32_joystick.obj) : warning LNK4099: no se encontró PDB 'glfw.pdb' con 'glfw3.lib(win32_joystick.obj)' o en 'C:\Users\LUIS_FI\Documents\GitHub\ProyectoFinal_Lab_CGeIHC-\Proyecto_Lab_CG\Release\glfw.pdb'; se vinculará el objeto sin tener en cuenta información de depuración
glfw3.lib(win32_monitor.obj) : warning LNK4099: no se encontró PDB 'glfw.pdb' con 'glfw3.lib(win32_monitor.obj)' o en 'C:\Users\LUIS_FI\Documents\GitHub\ProyectoFinal_Lab_CGeIHC-\Proyecto_Lab_CG\Release\glfw.pdb'; se vinculará el objeto sin tener en cuenta información de depuración
glfw3.lib(win32_time.obj) : warning LNK4099: no se encontró PDB 'glfw.pdb' con 'glfw3.lib(win32_time.obj)' o en 'C:\Users\LUIS_FI\Documents\GitHub\ProyectoFinal_Lab_CGeIHC-\Proyecto_Lab_CG\Release\glfw.pdb'; se vinculará el objeto sin tener en cuenta información de depuración
glfw3.lib(win32_thread.obj) : warning LNK4099: no se encontró PDB 'glfw.pdb' con 'glfw3.lib(win32_thread.obj)' o en 'C:\Users\LUIS_FI\Documents\GitHub\ProyectoFinal_Lab_CGeIHC-\Proyecto_Lab_CG\Release\glfw.pdb'; se vinculará el objeto sin tener en cuenta información de depuración
glfw3.lib(win32_window.obj) : warning LNK4099: no se encontró PDB 'glfw.pdb' con 'glfw3.lib(win32_window.obj)' o en 'C:\Users\LUIS_FI\Documents\GitHub\ProyectoFinal_Lab_CGeIHC-\Proyecto_Lab_CG\Release\glfw.pdb'; se vinculará el objeto sin tener en cuenta información de depuración
glfw3.lib(wgl_context.obj) : warning LNK4099: no se encontró PDB 'glfw.pdb' con 'glfw3.lib(wgl_context.obj)' o en 'C:\Users\LUIS_FI\Documents\GitHub\ProyectoFinal_Lab_CGeIHC-\Proyecto_Lab_CG\Release\glfw.pdb'; se vinculará el objeto sin tener en cuenta información de depuración
glfw3.lib(egl_context.obj) : warning LNK4099: no se encontró PDB 'glfw.pdb' con 'glfw3.lib(egl_context.obj)' o en 'C:\Users\LUIS_FI\Documents\GitHub\ProyectoFinal_Lab_CGeIHC-\Proyecto_Lab_CG\Release\glfw.pdb'; se vinculará el objeto sin tener en cuenta información de depuración
glfw3.lib(osmesa_context.obj) : warning LNK4099: no se encontró PDB 'glfw.pdb' con 'glfw3.lib(osmesa_context.obj)' o en 'C:\Users\LUIS_FI\Documents\GitHub\ProyectoFinal_Lab_CGeIHC-\Proyecto_Lab_CG\Release\glfw.pdb'; se vinculará el objeto sin tener en cuenta información de depuración
  Proyecto_Lab_CG.vcxproj -> C:\Users\LUIS_FI\Documents\GitHub\ProyectoFinal_Lab_CGeIHC-\Proyecto_Lab_CG\Release\Proyecto_Lab_CG.exe
